2020-05-08 12:02:09,410 [    INFO] [INIT] (conftest.py:54) link start ...
2020-05-08 12:03:11,509 [    INFO] [INIT] (conftest.py:54) link start ...
2020-05-08 12:03:50,260 [    INFO] [INIT] (conftest.py:54) link start ...
2020-05-08 12:05:38,034 [    INFO] [INIT] (conftest.py:54) link start ...
2020-05-08 12:07:59,196 [    INFO] [INIT] (conftest.py:54) link start ...
2020-05-08 12:07:59,197 [    INFO] [INIT] (conftest.py:57) C:\Users\11198\PycharmProjects\pytest_20200407/tools/chromedriver.exe
2020-05-08 12:08:38,426 [    INFO] [INIT] (conftest.py:54) link start ...
2020-05-08 12:09:03,491 [    INFO] [INIT] (conftest.py:61) link end ...
2020-05-08 12:23:28,632 [    INFO] [INIT] (conftest.py:54) link start ...
2020-05-08 12:23:47,846 [    INFO] [BaseAction] (base_action.py:15) get_element_text : xpath => //h1[@class="homepage-banner__title"]
2020-05-08 12:23:47,883 [    INFO] [BaseAction] (base_action.py:18) get_element_text : Find, install and publish Python packages with the Python Package Index 
2020-05-08 12:23:50,015 [    INFO] [INIT] (conftest.py:61) link end ...
2020-05-08 12:29:14,152 [    INFO] [INIT] (conftest.py:55) link start ...
2020-05-08 12:29:31,793 [    INFO] [BaseAction] (base_action.py:15) get_element_text : xpath => //h1[@class="homepage-banner__title"]
2020-05-08 12:29:31,829 [    INFO] [BaseAction] (base_action.py:18) get_element_text : Find, install and publish Python packages with the Python Package Index 
2020-05-08 12:29:33,885 [    INFO] [INIT] (conftest.py:65) link end ...
2020-05-08 12:32:08,558 [    INFO] [INIT] (conftest.py:55) link start ...
2020-05-08 12:32:31,014 [    INFO] [BaseAction] (base_action.py:15) get_element_text : xpath => //h1[@class="homepage-banner__title"]
2020-05-08 12:32:31,056 [    INFO] [BaseAction] (base_action.py:18) get_element_text : Find, install and publish Python packages with the Python Package Index 
2020-05-08 12:32:33,116 [    INFO] [INIT] (conftest.py:65) link end ...
2020-05-08 12:33:58,014 [    INFO] [INIT] (conftest.py:55) link start ...
2020-05-08 12:34:59,199 [    INFO] [BaseAction] (base_action.py:15) get_element_text : xpath => //h1[@class="homepage-banner__title"]
2020-05-08 12:34:59,238 [    INFO] [BaseAction] (base_action.py:18) get_element_text : Find, install and publish Python packages with the Python Package Index 
2020-05-08 12:35:01,303 [    INFO] [INIT] (conftest.py:65) link end ...
2020-05-08 12:35:17,628 [    INFO] [INIT] (conftest.py:55) link start ...
2020-05-08 12:35:17,630 [    INFO] [INIT] (conftest.py:61) open browser ...
2020-05-08 12:35:50,112 [    INFO] [BaseAction] (base_action.py:15) get_element_text : xpath => //h1[@class="homepage-banner__title"]
2020-05-08 12:35:50,153 [    INFO] [BaseAction] (base_action.py:18) get_element_text : Find, install and publish Python packages with the Python Package Index 
2020-05-08 12:35:52,215 [    INFO] [INIT] (conftest.py:66) link end ...
