2020-05-15 15:43:33,328 [    INFO] [INIT] (conftest.py:55) link start ...
2020-05-15 15:43:33,331 [    INFO] [INIT] (conftest.py:64) open browser ...
2020-05-15 15:43:46,631 [    INFO] [TestSample] (test_sample.py:20) goto url https://www.lfd.uci.edu/~gohlke/pythonlibs/
2020-05-15 15:43:46,632 [    INFO] [BaseAction] (base_action.py:30) click_element : xpath => /html/body/ul[1]/li[3]/ul/li[1]
2020-05-15 15:43:51,799 [    INFO] [INIT] (conftest.py:69) link end ...
2020-05-15 15:45:18,872 [    INFO] [INIT] (conftest.py:55) link start ...
2020-05-15 15:45:18,874 [    INFO] [INIT] (conftest.py:64) open browser ...
2020-05-15 15:45:29,727 [    INFO] [TestSample] (test_sample.py:20) goto url https://www.lfd.uci.edu/~gohlke/pythonlibs/
2020-05-15 15:45:29,729 [    INFO] [BaseAction] (base_action.py:30) click_element : xpath => /html/body/ul[1]/li[3]/ul/li[1]
2020-05-15 15:45:35,066 [    INFO] [INIT] (conftest.py:69) link end ...
2020-05-15 15:46:11,117 [    INFO] [INIT] (conftest.py:55) link start ...
2020-05-15 15:46:11,119 [    INFO] [INIT] (conftest.py:64) open browser ...
2020-05-15 15:47:28,195 [    INFO] [TestSample] (test_sample.py:20) goto url https://www.lfd.uci.edu/~gohlke/pythonlibs/
2020-05-15 15:47:28,196 [    INFO] [BaseAction] (base_action.py:30) click_element : xpath => /html/body/ul[1]/li[3]/ul/li[1]/a
2020-05-15 15:47:33,497 [    INFO] [INIT] (conftest.py:69) link end ...
2020-05-15 15:47:35,460 [    INFO] [INIT] (conftest.py:55) link start ...
2020-05-15 15:47:35,463 [    INFO] [INIT] (conftest.py:64) open browser ...
2020-05-15 15:47:45,059 [    INFO] [TestSample] (test_sample.py:20) goto url https://www.lfd.uci.edu/~gohlke/pythonlibs/
2020-05-15 15:47:45,063 [    INFO] [BaseAction] (base_action.py:17) get_element_text : xpath => /html/body/ul[1]/li[3]/ul/li[1]/a
2020-05-15 15:47:45,139 [    INFO] [BaseAction] (base_action.py:20) get_element_text : ad3‑2.2.1‑cp38‑cp38‑win_amd64.whl 
2020-05-15 15:47:45,142 [    INFO] [BaseAction] (base_action.py:30) click_element : xpath => /html/body/ul[1]/li[3]/ul/li[1]/a
2020-05-15 15:47:50,408 [    INFO] [INIT] (conftest.py:69) link end ...
2020-05-15 15:49:39,462 [    INFO] [INIT] (conftest.py:55) link start ...
2020-05-15 15:49:39,464 [    INFO] [INIT] (conftest.py:64) open browser ...
2020-05-15 15:49:51,317 [    INFO] [TestSample] (test_sample.py:20) goto url https://www.lfd.uci.edu/~gohlke/pythonlibs/
2020-05-15 15:49:51,319 [    INFO] [BaseAction] (base_action.py:17) get_element_text : xpath => /html/body/ul[1]/li[3]/ul/li[1]/a
2020-05-15 15:49:51,378 [    INFO] [BaseAction] (base_action.py:20) get_element_text : ad3‑2.2.1‑cp38‑cp38‑win_amd64.whl 
2020-05-15 15:49:51,379 [    INFO] [BaseAction] (base_action.py:30) click_element : xpath => /html/body/ul[1]/li[3]/ul/li[1]/a
2020-05-15 15:49:56,615 [    INFO] [INIT] (conftest.py:69) link end ...
2020-05-15 15:50:36,401 [    INFO] [INIT] (conftest.py:55) link start ...
2020-05-15 15:50:36,404 [    INFO] [INIT] (conftest.py:64) open browser ...
2020-05-15 15:50:51,031 [    INFO] [TestSample] (test_sample.py:20) goto url https://www.lfd.uci.edu/~gohlke/pythonlibs/
2020-05-15 15:50:51,033 [    INFO] [BaseAction] (base_action.py:17) get_element_text : xpath => /html/body/ul[1]/li[3]/ul/li[1]/a
2020-05-15 15:50:51,101 [    INFO] [BaseAction] (base_action.py:20) get_element_text : ad3‑2.2.1‑cp38‑cp38‑win_amd64.whl 
2020-05-15 15:50:51,103 [    INFO] [BaseAction] (base_action.py:30) click_element : xpath => /html/body/ul[1]/li[3]/ul/li[1]/a
2020-05-15 15:51:06,417 [    INFO] [INIT] (conftest.py:69) link end ...
2020-05-15 15:51:57,569 [    INFO] [INIT] (conftest.py:55) link start ...
2020-05-15 15:51:57,571 [    INFO] [INIT] (conftest.py:64) open browser ...
2020-05-15 15:52:09,848 [    INFO] [TestSample] (test_sample.py:20) goto url https://www.lfd.uci.edu/~gohlke/pythonlibs/
2020-05-15 15:52:09,851 [    INFO] [BaseAction] (base_action.py:17) get_element_text : xpath => /html/body/ul[1]/li[3]/ul/li[1]/a
2020-05-15 15:52:09,903 [    INFO] [BaseAction] (base_action.py:20) get_element_text : ad3‑2.2.1‑cp38‑cp38‑win_amd64.whl 
2020-05-15 15:52:09,906 [    INFO] [BaseAction] (base_action.py:30) click_element : xpath => /html/body/ul[1]/li[3]/ul/li[1]/a
2020-05-15 15:52:25,200 [    INFO] [INIT] (conftest.py:69) link end ...
2020-05-15 16:13:59,743 [    INFO] [INIT] (conftest.py:55) link start ...
2020-05-15 16:13:59,745 [    INFO] [INIT] (conftest.py:64) open browser ...
2020-05-15 16:14:07,442 [    INFO] [TestSample] (test_sample.py:19) goto url https://pypi.org/
2020-05-15 16:14:07,444 [    INFO] [BaseAction] (base_action.py:17) get_element_text : xpath => //h1[@class="homepage-banner__title"]
2020-05-15 16:14:07,483 [    INFO] [BaseAction] (base_action.py:20) get_element_text : Find, install and publish Python packages with the Python Package Index 
2020-05-15 16:14:07,485 [    INFO] [BaseAction] (base_action.py:44) input_element : xpath => //*[@id="search"] == <module 'pytest' from 'c:\\users\\11198\\pycharmprojects\\pytest_20200407\\venv\\lib\\site-packages\\pytest\\__init__.py'>
2020-05-15 16:14:07,550 [   ERROR] [BaseAction] (base_action.py:49) input_element : object of type 'module' has no len() 
2020-05-15 16:14:10,367 [    INFO] [INIT] (conftest.py:69) link end ...
2020-05-15 16:16:55,390 [    INFO] [INIT] (conftest.py:55) link start ...
2020-05-15 16:16:55,393 [    INFO] [INIT] (conftest.py:64) open browser ...
2020-05-15 16:17:03,401 [    INFO] [TestSample] (test_sample.py:19) goto url https://pypi.org/
2020-05-15 16:17:03,404 [    INFO] [BaseAction] (base_action.py:17) get_element_text : xpath => //h1[@class="homepage-banner__title"]
2020-05-15 16:17:03,445 [    INFO] [BaseAction] (base_action.py:20) get_element_text : Find, install and publish Python packages with the Python Package Index 
2020-05-15 16:17:03,447 [    INFO] [BaseAction] (base_action.py:44) input_element : xpath => //*[@id="search"] == pytest
2020-05-15 16:17:03,610 [    INFO] [BaseAction] (base_action.py:30) click_element : xpath => //*[@id="content"]/div[1]/div/form/button
2020-05-15 16:17:06,664 [    INFO] [INIT] (conftest.py:69) link end ...
2020-05-15 16:18:00,607 [    INFO] [INIT] (conftest.py:55) link start ...
2020-05-15 16:18:00,609 [    INFO] [INIT] (conftest.py:64) open browser ...
2020-05-15 16:18:16,766 [    INFO] [TestSample] (test_sample.py:19) goto url https://pypi.org/
2020-05-15 16:18:16,769 [    INFO] [BaseAction] (base_action.py:17) get_element_text : xpath => //h1[@class="homepage-banner__title"]
2020-05-15 16:18:16,806 [    INFO] [BaseAction] (base_action.py:20) get_element_text : Find, install and publish Python packages with the Python Package Index 
2020-05-15 16:18:16,807 [    INFO] [BaseAction] (base_action.py:44) input_element : xpath => //*[@id="search"] == pytest
2020-05-15 16:18:16,960 [    INFO] [BaseAction] (base_action.py:30) click_element : xpath => //*[@id="content"]/div[1]/div/form/button
2020-05-15 16:18:31,123 [    INFO] [INIT] (conftest.py:69) link end ...
2020-05-15 16:24:01,655 [    INFO] [INIT] (conftest.py:55) link start ...
2020-05-15 16:24:01,656 [    INFO] [INIT] (conftest.py:64) open browser ...
2020-05-15 16:24:13,653 [    INFO] [TestSample] (test_sample.py:19) goto url https://pypi.org/
2020-05-15 16:24:13,657 [    INFO] [BaseAction] (base_action.py:17) get_element_text : xpath => //h1[@class="homepage-banner__title"]
2020-05-15 16:24:13,696 [    INFO] [BaseAction] (base_action.py:20) get_element_text : Find, install and publish Python packages with the Python Package Index 
2020-05-15 16:24:13,697 [    INFO] [BaseAction] (base_action.py:44) input_element : xpath => //*[@id="search"] == pytest
2020-05-15 16:24:13,835 [    INFO] [BaseAction] (base_action.py:30) click_element : xpath => //*[@id="content"]/div[1]/div/form/button
2020-05-15 16:24:17,151 [    INFO] [BaseAction] (base_action.py:30) click_element : xpath => //*[@id="content"]/div/div/div[2]/form/div[3]/ul/li[1]
2020-05-15 16:24:20,921 [    INFO] [BaseAction] (base_action.py:30) click_element : xpath => //*[@id="files-tab"]
2020-05-15 16:24:21,015 [    INFO] [BaseAction] (base_action.py:30) click_element : xpath => //*[@id="files"]/table/tbody/tr[1]/th/a
2020-05-15 16:24:28,761 [    INFO] [INIT] (conftest.py:69) link end ...
2020-05-15 16:26:48,988 [    INFO] [INIT] (conftest.py:55) link start ...
2020-05-15 16:26:48,990 [    INFO] [INIT] (conftest.py:68) open browser ...
2020-05-15 16:27:10,005 [    INFO] [TestSample] (test_sample.py:19) goto url https://pypi.org/
2020-05-15 16:27:10,008 [    INFO] [BaseAction] (base_action.py:17) get_element_text : xpath => //h1[@class="homepage-banner__title"]
2020-05-15 16:27:10,043 [    INFO] [BaseAction] (base_action.py:20) get_element_text : Find, install and publish Python packages with the Python Package Index 
2020-05-15 16:27:10,045 [    INFO] [BaseAction] (base_action.py:44) input_element : xpath => //*[@id="search"] == pytest
2020-05-15 16:27:10,191 [    INFO] [BaseAction] (base_action.py:30) click_element : xpath => //*[@id="content"]/div[1]/div/form/button
2020-05-15 16:27:12,877 [    INFO] [BaseAction] (base_action.py:30) click_element : xpath => //*[@id="content"]/div/div/div[2]/form/div[3]/ul/li[1]
2020-05-15 16:27:21,460 [    INFO] [BaseAction] (base_action.py:30) click_element : xpath => //*[@id="files-tab"]
2020-05-15 16:27:21,551 [    INFO] [BaseAction] (base_action.py:30) click_element : xpath => //*[@id="files"]/table/tbody/tr[1]/th/a
2020-05-15 16:27:29,312 [    INFO] [INIT] (conftest.py:73) link end ...
2020-05-15 16:27:39,101 [    INFO] [INIT] (conftest.py:55) link start ...
2020-05-15 16:27:39,104 [    INFO] [INIT] (conftest.py:68) open browser ...
2020-05-15 16:27:46,247 [    INFO] [TestSample] (test_sample.py:19) goto url https://pypi.org/
2020-05-15 16:27:46,250 [    INFO] [BaseAction] (base_action.py:17) get_element_text : xpath => //h1[@class="homepage-banner__title"]
2020-05-15 16:27:46,286 [    INFO] [BaseAction] (base_action.py:20) get_element_text : Find, install and publish Python packages with the Python Package Index 
2020-05-15 16:27:46,288 [    INFO] [BaseAction] (base_action.py:44) input_element : xpath => //*[@id="search"] == pytest
2020-05-15 16:27:46,406 [    INFO] [BaseAction] (base_action.py:30) click_element : xpath => //*[@id="content"]/div[1]/div/form/button
2020-05-15 16:27:47,124 [    INFO] [BaseAction] (base_action.py:30) click_element : xpath => //*[@id="content"]/div/div/div[2]/form/div[3]/ul/li[1]
2020-05-15 16:27:49,822 [    INFO] [BaseAction] (base_action.py:30) click_element : xpath => //*[@id="files-tab"]
2020-05-15 16:27:49,908 [    INFO] [BaseAction] (base_action.py:30) click_element : xpath => //*[@id="files"]/table/tbody/tr[1]/th/a
2020-05-15 16:28:42,847 [    INFO] [INIT] (conftest.py:73) link end ...
2020-05-15 16:32:57,421 [    INFO] [INIT] (conftest.py:55) link start ...
2020-05-15 16:32:57,424 [    INFO] [INIT] (conftest.py:68) open browser ...
2020-05-15 16:34:24,733 [    INFO] [INIT] (conftest.py:55) link start ...
2020-05-15 16:34:24,735 [    INFO] [INIT] (conftest.py:68) open browser ...
2020-05-15 16:34:32,916 [    INFO] [TestSample] (test_sample.py:19) goto url https://pypi.org/
2020-05-15 16:34:32,918 [    INFO] [BaseAction] (base_action.py:17) get_element_text : xpath => //h1[@class="homepage-banner__title"]
2020-05-15 16:34:32,955 [    INFO] [BaseAction] (base_action.py:20) get_element_text : Find, install and publish Python packages with the Python Package Index 
2020-05-15 16:34:32,957 [    INFO] [BaseAction] (base_action.py:44) input_element : xpath => //*[@id="search"] == pytest
2020-05-15 16:34:33,109 [    INFO] [BaseAction] (base_action.py:30) click_element : xpath => //*[@id="content"]/div[1]/div/form/button
2020-05-15 16:34:35,897 [    INFO] [BaseAction] (base_action.py:30) click_element : xpath => //*[@id="content"]/div/div/div[2]/form/div[3]/ul/li[1]
2020-05-15 16:34:38,665 [    INFO] [BaseAction] (base_action.py:30) click_element : xpath => //*[@id="files-tab"]
2020-05-15 16:34:38,772 [    INFO] [BaseAction] (base_action.py:30) click_element : xpath => //*[@id="files"]/table/tbody/tr[1]/th/a
2020-05-15 16:35:31,431 [    INFO] [INIT] (conftest.py:80) link end ...
2020-05-15 16:35:40,704 [    INFO] [INIT] (conftest.py:55) link start ...
2020-05-15 16:35:40,707 [    INFO] [INIT] (conftest.py:68) open browser ...
2020-05-15 16:35:46,084 [    INFO] [INIT] (conftest.py:74) response from browser:
2020-05-15 16:35:46,085 [    INFO] [INIT] (conftest.py:76) result:value:None
2020-05-15 16:35:48,981 [    INFO] [TestSample] (test_sample.py:19) goto url https://pypi.org/
2020-05-15 16:35:48,983 [    INFO] [BaseAction] (base_action.py:17) get_element_text : xpath => //h1[@class="homepage-banner__title"]
2020-05-15 16:35:49,024 [    INFO] [BaseAction] (base_action.py:20) get_element_text : Find, install and publish Python packages with the Python Package Index 
2020-05-15 16:35:49,026 [    INFO] [BaseAction] (base_action.py:44) input_element : xpath => //*[@id="search"] == pytest
2020-05-15 16:35:49,192 [    INFO] [BaseAction] (base_action.py:30) click_element : xpath => //*[@id="content"]/div[1]/div/form/button
2020-05-15 16:35:50,519 [    INFO] [BaseAction] (base_action.py:30) click_element : xpath => //*[@id="content"]/div/div/div[2]/form/div[3]/ul/li[1]
2020-05-15 16:35:53,353 [    INFO] [BaseAction] (base_action.py:30) click_element : xpath => //*[@id="files-tab"]
2020-05-15 16:35:53,436 [    INFO] [BaseAction] (base_action.py:30) click_element : xpath => //*[@id="files"]/table/tbody/tr[1]/th/a
2020-05-15 16:36:46,692 [    INFO] [INIT] (conftest.py:80) link end ...
2020-05-15 16:42:28,859 [    INFO] [INIT] (conftest.py:55) link start ...
2020-05-15 16:42:28,860 [    INFO] [INIT] (conftest.py:70) open browser ...
2020-05-15 16:42:34,180 [    INFO] [INIT] (conftest.py:76) response from browser:
2020-05-15 16:42:34,181 [    INFO] [INIT] (conftest.py:78) result:value:None
2020-05-15 16:42:44,272 [    INFO] [TestSample] (test_sample.py:19) goto url https://pypi.org/
2020-05-15 16:42:44,274 [    INFO] [BaseAction] (base_action.py:17) get_element_text : xpath => //h1[@class="homepage-banner__title"]
2020-05-15 16:42:44,309 [    INFO] [BaseAction] (base_action.py:20) get_element_text : Find, install and publish Python packages with the Python Package Index 
2020-05-15 16:42:44,310 [    INFO] [BaseAction] (base_action.py:44) input_element : xpath => //*[@id="search"] == pytest
2020-05-15 16:42:44,435 [    INFO] [BaseAction] (base_action.py:30) click_element : xpath => //*[@id="content"]/div[1]/div/form/button
2020-05-15 16:42:46,327 [    INFO] [BaseAction] (base_action.py:30) click_element : xpath => //*[@id="content"]/div/div/div[2]/form/div[3]/ul/li[1]
2020-05-15 16:42:50,398 [    INFO] [BaseAction] (base_action.py:30) click_element : xpath => //*[@id="files-tab"]
2020-05-15 16:42:50,491 [    INFO] [BaseAction] (base_action.py:30) click_element : xpath => //*[@id="files"]/table/tbody/tr[1]/th/a
2020-05-15 16:43:43,279 [    INFO] [INIT] (conftest.py:82) link end ...
2020-05-15 16:44:12,541 [    INFO] [INIT] (conftest.py:55) link start ...
2020-05-15 16:44:12,541 [    INFO] [INIT] (conftest.py:70) open browser ...
2020-05-15 16:44:17,878 [    INFO] [INIT] (conftest.py:76) response from browser:
2020-05-15 16:44:17,878 [    INFO] [INIT] (conftest.py:78) result:value:None
2020-05-15 16:44:19,486 [    INFO] [TestSample] (test_sample.py:19) goto url https://pypi.org/
2020-05-15 16:51:38,608 [    INFO] [INIT] (conftest.py:55) link start ...
2020-05-15 16:51:38,609 [    INFO] [INIT] (conftest.py:70) open browser ...
2020-05-15 16:51:43,962 [    INFO] [INIT] (conftest.py:76) response from browser:
2020-05-15 16:51:43,962 [    INFO] [INIT] (conftest.py:78) result:value:None
2020-05-15 16:51:45,732 [    INFO] [TestSample] (test_sample.py:19) goto url https://pypi.org/
